<?xml version="1.0" encoding="UTF-8"?>
<testng-results skipped="0" failed="0" ignored="0" total="1" passed="1">
  <reporter-output>
  </reporter-output>
  <suite name="Suite" duration-ms="37977" started-at="2019-05-26T12:35:41Z" finished-at="2019-05-26T12:36:19Z">
    <groups>
    </groups>
    <test name="Test" duration-ms="37977" started-at="2019-05-26T12:35:41Z" finished-at="2019-05-26T12:36:19Z">
      <class name="PageTitle">
        <test-method status="PASS" signature="setUp()[pri:0, instance:PageTitle@17550481]" name="setUp" is-config="true" duration-ms="35989" started-at="2019-05-26T12:35:41Z" finished-at="2019-05-26T12:36:17Z">
          <reporter-output>
          </reporter-output>
        </test-method> <!-- setUp -->
        <test-method status="PASS" signature="getTitle()[pri:0, instance:PageTitle@17550481]" name="getTitle" duration-ms="505" started-at="2019-05-26T12:36:17Z" finished-at="2019-05-26T12:36:18Z">
          <reporter-output>
          </reporter-output>
        </test-method> <!-- getTitle -->
        <test-method status="PASS" signature="tearDown()[pri:0, instance:PageTitle@17550481]" name="tearDown" is-config="true" duration-ms="1451" started-at="2019-05-26T12:36:18Z" finished-at="2019-05-26T12:36:19Z">
          <reporter-output>
          </reporter-output>
        </test-method> <!-- tearDown -->
      </class> <!-- PageTitle -->
    </test> <!-- Test -->
  </suite> <!-- Suite -->
</testng-results>
