<?xml version="1.0" encoding="UTF-8"?>
<testng-results skipped="0" failed="0" ignored="0" total="1" passed="1">
  <reporter-output>
  </reporter-output>
  <suite name="Default suite" duration-ms="49466" started-at="2019-05-26T12:00:33Z" finished-at="2019-05-26T12:01:23Z">
    <groups>
    </groups>
    <test name="Default test" duration-ms="49466" started-at="2019-05-26T12:00:33Z" finished-at="2019-05-26T12:01:23Z">
      <class name="PageTitle">
        <test-method status="PASS" signature="setUp()[pri:0, instance:PageTitle@cb5822]" name="setUp" is-config="true" duration-ms="47758" started-at="2019-05-26T12:00:33Z" finished-at="2019-05-26T12:01:21Z">
          <reporter-output>
          </reporter-output>
        </test-method> <!-- setUp -->
        <test-method status="PASS" signature="getTitle()[pri:0, instance:PageTitle@cb5822]" name="getTitle" duration-ms="945" started-at="2019-05-26T12:01:21Z" finished-at="2019-05-26T12:01:22Z">
          <reporter-output>
          </reporter-output>
        </test-method> <!-- getTitle -->
        <test-method status="PASS" signature="tearDown()[pri:0, instance:PageTitle@cb5822]" name="tearDown" is-config="true" duration-ms="716" started-at="2019-05-26T12:01:22Z" finished-at="2019-05-26T12:01:23Z">
          <reporter-output>
          </reporter-output>
        </test-method> <!-- tearDown -->
      </class> <!-- PageTitle -->
    </test> <!-- Default test -->
  </suite> <!-- Default suite -->
</testng-results>
