<?xml version="1.0" encoding="UTF-8"?>
<testng-results skipped="0" failed="0" ignored="0" total="1" passed="1">
  <reporter-output>
  </reporter-output>
  <suite name="Default suite" duration-ms="112016" started-at="2019-05-29T12:26:18Z" finished-at="2019-05-29T12:28:10Z">
    <groups>
    </groups>
    <test name="Default test" duration-ms="112016" started-at="2019-05-29T12:26:18Z" finished-at="2019-05-29T12:28:10Z">
      <class name="PageTitle">
        <test-method status="PASS" signature="setUp()[pri:0, instance:PageTitle@2b98378d]" name="setUp" is-config="true" duration-ms="110867" started-at="2019-05-29T12:26:18Z" finished-at="2019-05-29T12:28:09Z">
          <reporter-output>
          </reporter-output>
        </test-method> <!-- setUp -->
        <test-method status="PASS" signature="getTitle()[pri:0, instance:PageTitle@2b98378d]" name="getTitle" duration-ms="27" started-at="2019-05-29T12:28:09Z" finished-at="2019-05-29T12:28:09Z">
          <reporter-output>
          </reporter-output>
        </test-method> <!-- getTitle -->
        <test-method status="PASS" signature="tearDown()[pri:0, instance:PageTitle@2b98378d]" name="tearDown" is-config="true" duration-ms="1083" started-at="2019-05-29T12:28:09Z" finished-at="2019-05-29T12:28:10Z">
          <reporter-output>
          </reporter-output>
        </test-method> <!-- tearDown -->
      </class> <!-- PageTitle -->
    </test> <!-- Default test -->
  </suite> <!-- Default suite -->
</testng-results>
